[ERROR] 2023-09-11 13:06:46.859 [main] Loggerexample - This is error
[WARN ] 2023-09-11 13:06:46.861 [main] Loggerexample - This is warning
[FATAL] 2023-09-11 13:06:46.861 [main] Loggerexample - This is fatal
[DEBUG] 2023-09-11 13:24:28.470 [main] InternalLoggerFactory - Using Log4J2 as the default logging framework
[DEBUG] 2023-09-11 13:24:28.489 [main] ResourceLeakDetector - -Dio.netty.leakDetection.level: simple
[DEBUG] 2023-09-11 13:24:28.489 [main] ResourceLeakDetector - -Dio.netty.leakDetection.targetRecords: 4
[DEBUG] 2023-09-11 13:24:28.494 [main] ResourceLeakDetectorFactory - Loaded default ResourceLeakDetector: io.netty.util.ResourceLeakDetector@6ef7623
[DEBUG] 2023-09-11 13:24:28.515 [main] PlatformDependent0 - -Dio.netty.noUnsafe: false
[DEBUG] 2023-09-11 13:24:28.516 [main] PlatformDependent0 - Java version: 17
[DEBUG] 2023-09-11 13:24:28.517 [main] PlatformDependent0 - sun.misc.Unsafe.theUnsafe: available
[DEBUG] 2023-09-11 13:24:28.518 [main] PlatformDependent0 - sun.misc.Unsafe.copyMemory: available
[DEBUG] 2023-09-11 13:24:28.518 [main] PlatformDependent0 - sun.misc.Unsafe.storeFence: available
[DEBUG] 2023-09-11 13:24:28.518 [main] PlatformDependent0 - java.nio.Buffer.address: available
[DEBUG] 2023-09-11 13:24:28.519 [main] PlatformDependent0 - direct buffer constructor: unavailable: Reflective setAccessible(true) disabled
[DEBUG] 2023-09-11 13:24:28.520 [main] PlatformDependent0 - java.nio.Bits.unaligned: available, true
[DEBUG] 2023-09-11 13:24:28.521 [main] PlatformDependent0 - jdk.internal.misc.Unsafe.allocateUninitializedArray(int): unavailable: class io.netty.util.internal.PlatformDependent0$7 cannot access class jdk.internal.misc.Unsafe (in module java.base) because module java.base does not export jdk.internal.misc to unnamed module @4b952a2d
[DEBUG] 2023-09-11 13:24:28.522 [main] PlatformDependent0 - java.nio.DirectByteBuffer.<init>(long, {int,long}): unavailable
[DEBUG] 2023-09-11 13:24:28.522 [main] PlatformDependent - sun.misc.Unsafe: available
[DEBUG] 2023-09-11 13:24:28.523 [main] PlatformDependent - maxDirectMemory: 2078277632 bytes (maybe)
[DEBUG] 2023-09-11 13:24:28.523 [main] PlatformDependent - -Dio.netty.tmpdir: C:\Users\gtambe\AppData\Local\Temp (java.io.tmpdir)
[DEBUG] 2023-09-11 13:24:28.523 [main] PlatformDependent - -Dio.netty.bitMode: 64 (sun.arch.data.model)
[DEBUG] 2023-09-11 13:24:28.524 [main] PlatformDependent - Platform: Windows
[DEBUG] 2023-09-11 13:24:28.525 [main] PlatformDependent - -Dio.netty.maxDirectMemory: -1 bytes
[DEBUG] 2023-09-11 13:24:28.525 [main] PlatformDependent - -Dio.netty.uninitializedArrayAllocationThreshold: -1
[DEBUG] 2023-09-11 13:24:28.526 [main] CleanerJava9 - java.nio.ByteBuffer.cleaner(): available
[DEBUG] 2023-09-11 13:24:28.526 [main] PlatformDependent - -Dio.netty.noPreferDirect: false
[DEBUG] 2023-09-11 13:24:28.535 [main] PlatformDependent - org.jctools-core.MpscChunkedArrayQueue: available
[DEBUG] 2023-09-11 13:24:28.582 [main] InternalThreadLocalMap - -Dio.netty.threadLocalMap.stringBuilder.initialSize: 1024
[DEBUG] 2023-09-11 13:24:28.582 [main] InternalThreadLocalMap - -Dio.netty.threadLocalMap.stringBuilder.maxSize: 4096
[DEBUG] 2023-09-11 13:24:28.758 [main] JdkSslContext - Default protocols (JDK): [TLSv1.3, TLSv1.2] 
[DEBUG] 2023-09-11 13:24:28.758 [main] JdkSslContext - Default cipher suites (JDK): [TLS_ECDHE_ECDSA_WITH_AES_256_GCM_SHA384, TLS_ECDHE_ECDSA_WITH_AES_128_GCM_SHA256, TLS_ECDHE_RSA_WITH_AES_128_GCM_SHA256, TLS_ECDHE_RSA_WITH_AES_256_GCM_SHA384, TLS_ECDHE_RSA_WITH_AES_128_CBC_SHA, TLS_ECDHE_RSA_WITH_AES_256_CBC_SHA, TLS_RSA_WITH_AES_128_GCM_SHA256, TLS_RSA_WITH_AES_128_CBC_SHA, TLS_RSA_WITH_AES_256_CBC_SHA, TLS_AES_128_GCM_SHA256, TLS_AES_256_GCM_SHA384]
[DEBUG] 2023-09-11 13:24:28.773 [main] GlobalEventExecutor - -Dio.netty.globalEventExecutor.quietPeriodSeconds: 1
[DEBUG] 2023-09-11 13:24:28.789 [main] MultithreadEventLoopGroup - -Dio.netty.eventLoopThreads: 16
[DEBUG] 2023-09-11 13:24:28.800 [main] NioEventLoop - -Dio.netty.noKeySetOptimization: false
[DEBUG] 2023-09-11 13:24:28.800 [main] NioEventLoop - -Dio.netty.selectorAutoRebuildThreshold: 512
[DEBUG] 2023-09-11 13:24:28.853 [main] PooledByteBufAllocator - -Dio.netty.allocator.numHeapArenas: 16
[DEBUG] 2023-09-11 13:24:28.853 [main] PooledByteBufAllocator - -Dio.netty.allocator.numDirectArenas: 16
[DEBUG] 2023-09-11 13:24:28.853 [main] PooledByteBufAllocator - -Dio.netty.allocator.pageSize: 8192
[DEBUG] 2023-09-11 13:24:28.853 [main] PooledByteBufAllocator - -Dio.netty.allocator.maxOrder: 9
[DEBUG] 2023-09-11 13:24:28.853 [main] PooledByteBufAllocator - -Dio.netty.allocator.chunkSize: 4194304
[DEBUG] 2023-09-11 13:24:28.853 [main] PooledByteBufAllocator - -Dio.netty.allocator.smallCacheSize: 256
[DEBUG] 2023-09-11 13:24:28.853 [main] PooledByteBufAllocator - -Dio.netty.allocator.normalCacheSize: 64
[DEBUG] 2023-09-11 13:24:28.853 [main] PooledByteBufAllocator - -Dio.netty.allocator.maxCachedBufferCapacity: 32768
[DEBUG] 2023-09-11 13:24:28.853 [main] PooledByteBufAllocator - -Dio.netty.allocator.cacheTrimInterval: 8192
[DEBUG] 2023-09-11 13:24:28.853 [main] PooledByteBufAllocator - -Dio.netty.allocator.cacheTrimIntervalMillis: 0
[DEBUG] 2023-09-11 13:24:28.853 [main] PooledByteBufAllocator - -Dio.netty.allocator.useCacheForAllThreads: false
[DEBUG] 2023-09-11 13:24:28.853 [main] PooledByteBufAllocator - -Dio.netty.allocator.maxCachedByteBuffersPerChunk: 1023
[DEBUG] 2023-09-11 13:24:28.863 [main] ByteBufUtil - -Dio.netty.allocator.type: pooled
[DEBUG] 2023-09-11 13:24:28.863 [main] ByteBufUtil - -Dio.netty.threadLocalDirectBufferSize: 0
[DEBUG] 2023-09-11 13:24:28.863 [main] ByteBufUtil - -Dio.netty.maxThreadLocalCharBufferSize: 16384
[DEBUG] 2023-09-11 13:24:30.052 [Forwarding newSession on session null to remote] DefaultChannelId - -Dio.netty.processId: 6820 (auto-detected)
[DEBUG] 2023-09-11 13:24:30.055 [Forwarding newSession on session null to remote] NetUtil - -Djava.net.preferIPv4Stack: false
[DEBUG] 2023-09-11 13:24:30.055 [Forwarding newSession on session null to remote] NetUtil - -Djava.net.preferIPv6Addresses: false
[DEBUG] 2023-09-11 13:24:30.066 [Forwarding newSession on session null to remote] NetUtilInitializations - Loopback interface: lo (Software Loopback Interface 1, 127.0.0.1)
[DEBUG] 2023-09-11 13:24:30.068 [Forwarding newSession on session null to remote] NetUtil - Failed to get SOMAXCONN from sysctl and file \proc\sys\net\core\somaxconn. Default: 200
[DEBUG] 2023-09-11 13:24:30.096 [Forwarding newSession on session null to remote] DefaultChannelId - -Dio.netty.machineId: 4c:77:cb:ff:fe:5c:9a:a4 (auto-detected)
[DEBUG] 2023-09-11 13:24:30.151 [AsyncHttpClient-1-2] AbstractByteBuf - -Dio.netty.buffer.checkAccessible: true
[DEBUG] 2023-09-11 13:24:30.151 [AsyncHttpClient-1-2] AbstractByteBuf - -Dio.netty.buffer.checkBounds: true
[DEBUG] 2023-09-11 13:24:30.151 [AsyncHttpClient-1-2] ResourceLeakDetectorFactory - Loaded default ResourceLeakDetector: io.netty.util.ResourceLeakDetector@13d052f0
[DEBUG] 2023-09-11 13:24:30.187 [AsyncHttpClient-1-2] Recycler - -Dio.netty.recycler.maxCapacityPerThread: 4096
[DEBUG] 2023-09-11 13:24:30.187 [AsyncHttpClient-1-2] Recycler - -Dio.netty.recycler.ratio: 8
[DEBUG] 2023-09-11 13:24:30.188 [AsyncHttpClient-1-2] Recycler - -Dio.netty.recycler.chunkSize: 32
[DEBUG] 2023-09-11 13:24:30.188 [AsyncHttpClient-1-2] Recycler - -Dio.netty.recycler.blocking: false
[DEBUG] 2023-09-11 13:24:30.188 [AsyncHttpClient-1-2] Recycler - -Dio.netty.recycler.batchFastThreadLocalOnly: true
[DEBUG] 2023-09-11 13:24:31.062 [AsyncHttpClient-1-2] Brotli - brotli4j not in the classpath; Brotli support will be unavailable.
[DEBUG] 2023-09-11 13:24:31.274 [main] ThreadLocalRandom - -Dio.netty.initialSeedUniquifier: 0x28d4593fbf1a7024
[DEBUG] 2023-09-11 14:23:28.230 [main] InternalLoggerFactory - Using Log4J2 as the default logging framework
[DEBUG] 2023-09-11 14:23:28.247 [main] ResourceLeakDetector - -Dio.netty.leakDetection.level: simple
[DEBUG] 2023-09-11 14:23:28.247 [main] ResourceLeakDetector - -Dio.netty.leakDetection.targetRecords: 4
[DEBUG] 2023-09-11 14:23:28.252 [main] ResourceLeakDetectorFactory - Loaded default ResourceLeakDetector: io.netty.util.ResourceLeakDetector@6ef7623
[DEBUG] 2023-09-11 14:23:28.268 [main] PlatformDependent0 - -Dio.netty.noUnsafe: false
[DEBUG] 2023-09-11 14:23:28.269 [main] PlatformDependent0 - Java version: 17
[DEBUG] 2023-09-11 14:23:28.269 [main] PlatformDependent0 - sun.misc.Unsafe.theUnsafe: available
[DEBUG] 2023-09-11 14:23:28.270 [main] PlatformDependent0 - sun.misc.Unsafe.copyMemory: available
[DEBUG] 2023-09-11 14:23:28.270 [main] PlatformDependent0 - sun.misc.Unsafe.storeFence: available
[DEBUG] 2023-09-11 14:23:28.271 [main] PlatformDependent0 - java.nio.Buffer.address: available
[DEBUG] 2023-09-11 14:23:28.271 [main] PlatformDependent0 - direct buffer constructor: unavailable: Reflective setAccessible(true) disabled
[DEBUG] 2023-09-11 14:23:28.272 [main] PlatformDependent0 - java.nio.Bits.unaligned: available, true
[DEBUG] 2023-09-11 14:23:28.272 [main] PlatformDependent0 - jdk.internal.misc.Unsafe.allocateUninitializedArray(int): unavailable: class io.netty.util.internal.PlatformDependent0$7 cannot access class jdk.internal.misc.Unsafe (in module java.base) because module java.base does not export jdk.internal.misc to unnamed module @4b952a2d
[DEBUG] 2023-09-11 14:23:28.273 [main] PlatformDependent0 - java.nio.DirectByteBuffer.<init>(long, {int,long}): unavailable
[DEBUG] 2023-09-11 14:23:28.274 [main] PlatformDependent - sun.misc.Unsafe: available
[DEBUG] 2023-09-11 14:23:28.274 [main] PlatformDependent - maxDirectMemory: 2078277632 bytes (maybe)
[DEBUG] 2023-09-11 14:23:28.274 [main] PlatformDependent - -Dio.netty.tmpdir: C:\Users\gtambe\AppData\Local\Temp (java.io.tmpdir)
[DEBUG] 2023-09-11 14:23:28.274 [main] PlatformDependent - -Dio.netty.bitMode: 64 (sun.arch.data.model)
[DEBUG] 2023-09-11 14:23:28.275 [main] PlatformDependent - Platform: Windows
[DEBUG] 2023-09-11 14:23:28.276 [main] PlatformDependent - -Dio.netty.maxDirectMemory: -1 bytes
[DEBUG] 2023-09-11 14:23:28.276 [main] PlatformDependent - -Dio.netty.uninitializedArrayAllocationThreshold: -1
[DEBUG] 2023-09-11 14:23:28.277 [main] CleanerJava9 - java.nio.ByteBuffer.cleaner(): available
[DEBUG] 2023-09-11 14:23:28.277 [main] PlatformDependent - -Dio.netty.noPreferDirect: false
[DEBUG] 2023-09-11 14:23:28.285 [main] PlatformDependent - org.jctools-core.MpscChunkedArrayQueue: available
[DEBUG] 2023-09-11 14:23:28.303 [main] InternalThreadLocalMap - -Dio.netty.threadLocalMap.stringBuilder.initialSize: 1024
[DEBUG] 2023-09-11 14:23:28.303 [main] InternalThreadLocalMap - -Dio.netty.threadLocalMap.stringBuilder.maxSize: 4096
[DEBUG] 2023-09-11 14:23:28.476 [main] JdkSslContext - Default protocols (JDK): [TLSv1.3, TLSv1.2] 
[DEBUG] 2023-09-11 14:23:28.476 [main] JdkSslContext - Default cipher suites (JDK): [TLS_ECDHE_ECDSA_WITH_AES_256_GCM_SHA384, TLS_ECDHE_ECDSA_WITH_AES_128_GCM_SHA256, TLS_ECDHE_RSA_WITH_AES_128_GCM_SHA256, TLS_ECDHE_RSA_WITH_AES_256_GCM_SHA384, TLS_ECDHE_RSA_WITH_AES_128_CBC_SHA, TLS_ECDHE_RSA_WITH_AES_256_CBC_SHA, TLS_RSA_WITH_AES_128_GCM_SHA256, TLS_RSA_WITH_AES_128_CBC_SHA, TLS_RSA_WITH_AES_256_CBC_SHA, TLS_AES_128_GCM_SHA256, TLS_AES_256_GCM_SHA384]
[DEBUG] 2023-09-11 14:23:28.487 [main] GlobalEventExecutor - -Dio.netty.globalEventExecutor.quietPeriodSeconds: 1
[DEBUG] 2023-09-11 14:23:28.497 [main] MultithreadEventLoopGroup - -Dio.netty.eventLoopThreads: 16
[DEBUG] 2023-09-11 14:23:28.507 [main] NioEventLoop - -Dio.netty.noKeySetOptimization: false
[DEBUG] 2023-09-11 14:23:28.507 [main] NioEventLoop - -Dio.netty.selectorAutoRebuildThreshold: 512
[DEBUG] 2023-09-11 14:23:28.548 [main] PooledByteBufAllocator - -Dio.netty.allocator.numHeapArenas: 16
[DEBUG] 2023-09-11 14:23:28.549 [main] PooledByteBufAllocator - -Dio.netty.allocator.numDirectArenas: 16
[DEBUG] 2023-09-11 14:23:28.549 [main] PooledByteBufAllocator - -Dio.netty.allocator.pageSize: 8192
[DEBUG] 2023-09-11 14:23:28.549 [main] PooledByteBufAllocator - -Dio.netty.allocator.maxOrder: 9
[DEBUG] 2023-09-11 14:23:28.549 [main] PooledByteBufAllocator - -Dio.netty.allocator.chunkSize: 4194304
[DEBUG] 2023-09-11 14:23:28.549 [main] PooledByteBufAllocator - -Dio.netty.allocator.smallCacheSize: 256
[DEBUG] 2023-09-11 14:23:28.549 [main] PooledByteBufAllocator - -Dio.netty.allocator.normalCacheSize: 64
[DEBUG] 2023-09-11 14:23:28.549 [main] PooledByteBufAllocator - -Dio.netty.allocator.maxCachedBufferCapacity: 32768
[DEBUG] 2023-09-11 14:23:28.549 [main] PooledByteBufAllocator - -Dio.netty.allocator.cacheTrimInterval: 8192
[DEBUG] 2023-09-11 14:23:28.549 [main] PooledByteBufAllocator - -Dio.netty.allocator.cacheTrimIntervalMillis: 0
[DEBUG] 2023-09-11 14:23:28.549 [main] PooledByteBufAllocator - -Dio.netty.allocator.useCacheForAllThreads: false
[DEBUG] 2023-09-11 14:23:28.549 [main] PooledByteBufAllocator - -Dio.netty.allocator.maxCachedByteBuffersPerChunk: 1023
[DEBUG] 2023-09-11 14:23:28.557 [main] ByteBufUtil - -Dio.netty.allocator.type: pooled
[DEBUG] 2023-09-11 14:23:28.557 [main] ByteBufUtil - -Dio.netty.threadLocalDirectBufferSize: 0
[DEBUG] 2023-09-11 14:23:28.557 [main] ByteBufUtil - -Dio.netty.maxThreadLocalCharBufferSize: 16384
[DEBUG] 2023-09-11 14:23:28.774 [Forwarding newSession on session null to remote] DefaultChannelId - -Dio.netty.processId: 2276 (auto-detected)
[DEBUG] 2023-09-11 14:23:28.776 [Forwarding newSession on session null to remote] NetUtil - -Djava.net.preferIPv4Stack: false
[DEBUG] 2023-09-11 14:23:28.776 [Forwarding newSession on session null to remote] NetUtil - -Djava.net.preferIPv6Addresses: false
[DEBUG] 2023-09-11 14:23:28.786 [Forwarding newSession on session null to remote] NetUtilInitializations - Loopback interface: lo (Software Loopback Interface 1, 127.0.0.1)
[DEBUG] 2023-09-11 14:23:28.787 [Forwarding newSession on session null to remote] NetUtil - Failed to get SOMAXCONN from sysctl and file \proc\sys\net\core\somaxconn. Default: 200
[DEBUG] 2023-09-11 14:23:28.809 [Forwarding newSession on session null to remote] DefaultChannelId - -Dio.netty.machineId: 4c:77:cb:ff:fe:5c:9a:a4 (auto-detected)
[DEBUG] 2023-09-11 14:23:28.844 [AsyncHttpClient-1-2] AbstractByteBuf - -Dio.netty.buffer.checkAccessible: true
[DEBUG] 2023-09-11 14:23:28.845 [AsyncHttpClient-1-2] AbstractByteBuf - -Dio.netty.buffer.checkBounds: true
[DEBUG] 2023-09-11 14:23:28.845 [AsyncHttpClient-1-2] ResourceLeakDetectorFactory - Loaded default ResourceLeakDetector: io.netty.util.ResourceLeakDetector@417bf3b
[DEBUG] 2023-09-11 14:23:28.865 [AsyncHttpClient-1-2] Recycler - -Dio.netty.recycler.maxCapacityPerThread: 4096
[DEBUG] 2023-09-11 14:23:28.865 [AsyncHttpClient-1-2] Recycler - -Dio.netty.recycler.ratio: 8
[DEBUG] 2023-09-11 14:23:28.866 [AsyncHttpClient-1-2] Recycler - -Dio.netty.recycler.chunkSize: 32
[DEBUG] 2023-09-11 14:23:28.866 [AsyncHttpClient-1-2] Recycler - -Dio.netty.recycler.blocking: false
[DEBUG] 2023-09-11 14:23:28.866 [AsyncHttpClient-1-2] Recycler - -Dio.netty.recycler.batchFastThreadLocalOnly: true
[DEBUG] 2023-09-11 14:23:29.936 [AsyncHttpClient-1-2] Brotli - brotli4j not in the classpath; Brotli support will be unavailable.
[DEBUG] 2023-09-11 14:23:30.148 [main] ThreadLocalRandom - -Dio.netty.initialSeedUniquifier: 0xd361f3341cc72bb8
[DEBUG] 2023-09-11 14:27:06.203 [main] InternalLoggerFactory - Using Log4J2 as the default logging framework
[DEBUG] 2023-09-11 14:27:06.221 [main] ResourceLeakDetector - -Dio.netty.leakDetection.level: simple
[DEBUG] 2023-09-11 14:27:06.221 [main] ResourceLeakDetector - -Dio.netty.leakDetection.targetRecords: 4
[DEBUG] 2023-09-11 14:27:06.226 [main] ResourceLeakDetectorFactory - Loaded default ResourceLeakDetector: io.netty.util.ResourceLeakDetector@6ef7623
[DEBUG] 2023-09-11 14:27:06.246 [main] PlatformDependent0 - -Dio.netty.noUnsafe: false
[DEBUG] 2023-09-11 14:27:06.247 [main] PlatformDependent0 - Java version: 17
[DEBUG] 2023-09-11 14:27:06.247 [main] PlatformDependent0 - sun.misc.Unsafe.theUnsafe: available
[DEBUG] 2023-09-11 14:27:06.248 [main] PlatformDependent0 - sun.misc.Unsafe.copyMemory: available
[DEBUG] 2023-09-11 14:27:06.248 [main] PlatformDependent0 - sun.misc.Unsafe.storeFence: available
[DEBUG] 2023-09-11 14:27:06.249 [main] PlatformDependent0 - java.nio.Buffer.address: available
[DEBUG] 2023-09-11 14:27:06.249 [main] PlatformDependent0 - direct buffer constructor: unavailable: Reflective setAccessible(true) disabled
[DEBUG] 2023-09-11 14:27:06.250 [main] PlatformDependent0 - java.nio.Bits.unaligned: available, true
[DEBUG] 2023-09-11 14:27:06.251 [main] PlatformDependent0 - jdk.internal.misc.Unsafe.allocateUninitializedArray(int): unavailable: class io.netty.util.internal.PlatformDependent0$7 cannot access class jdk.internal.misc.Unsafe (in module java.base) because module java.base does not export jdk.internal.misc to unnamed module @4b952a2d
[DEBUG] 2023-09-11 14:27:06.252 [main] PlatformDependent0 - java.nio.DirectByteBuffer.<init>(long, {int,long}): unavailable
[DEBUG] 2023-09-11 14:27:06.252 [main] PlatformDependent - sun.misc.Unsafe: available
[DEBUG] 2023-09-11 14:27:06.253 [main] PlatformDependent - maxDirectMemory: 2078277632 bytes (maybe)
[DEBUG] 2023-09-11 14:27:06.253 [main] PlatformDependent - -Dio.netty.tmpdir: C:\Users\gtambe\AppData\Local\Temp (java.io.tmpdir)
[DEBUG] 2023-09-11 14:27:06.253 [main] PlatformDependent - -Dio.netty.bitMode: 64 (sun.arch.data.model)
[DEBUG] 2023-09-11 14:27:06.254 [main] PlatformDependent - Platform: Windows
[DEBUG] 2023-09-11 14:27:06.255 [main] PlatformDependent - -Dio.netty.maxDirectMemory: -1 bytes
[DEBUG] 2023-09-11 14:27:06.255 [main] PlatformDependent - -Dio.netty.uninitializedArrayAllocationThreshold: -1
[DEBUG] 2023-09-11 14:27:06.256 [main] CleanerJava9 - java.nio.ByteBuffer.cleaner(): available
[DEBUG] 2023-09-11 14:27:06.257 [main] PlatformDependent - -Dio.netty.noPreferDirect: false
[DEBUG] 2023-09-11 14:27:06.265 [main] PlatformDependent - org.jctools-core.MpscChunkedArrayQueue: available
[DEBUG] 2023-09-11 14:27:06.286 [main] InternalThreadLocalMap - -Dio.netty.threadLocalMap.stringBuilder.initialSize: 1024
[DEBUG] 2023-09-11 14:27:06.286 [main] InternalThreadLocalMap - -Dio.netty.threadLocalMap.stringBuilder.maxSize: 4096
[DEBUG] 2023-09-11 14:27:06.458 [main] JdkSslContext - Default protocols (JDK): [TLSv1.3, TLSv1.2] 
[DEBUG] 2023-09-11 14:27:06.459 [main] JdkSslContext - Default cipher suites (JDK): [TLS_ECDHE_ECDSA_WITH_AES_256_GCM_SHA384, TLS_ECDHE_ECDSA_WITH_AES_128_GCM_SHA256, TLS_ECDHE_RSA_WITH_AES_128_GCM_SHA256, TLS_ECDHE_RSA_WITH_AES_256_GCM_SHA384, TLS_ECDHE_RSA_WITH_AES_128_CBC_SHA, TLS_ECDHE_RSA_WITH_AES_256_CBC_SHA, TLS_RSA_WITH_AES_128_GCM_SHA256, TLS_RSA_WITH_AES_128_CBC_SHA, TLS_RSA_WITH_AES_256_CBC_SHA, TLS_AES_128_GCM_SHA256, TLS_AES_256_GCM_SHA384]
[DEBUG] 2023-09-11 14:27:06.472 [main] GlobalEventExecutor - -Dio.netty.globalEventExecutor.quietPeriodSeconds: 1
[DEBUG] 2023-09-11 14:27:06.483 [main] MultithreadEventLoopGroup - -Dio.netty.eventLoopThreads: 16
[DEBUG] 2023-09-11 14:27:06.492 [main] NioEventLoop - -Dio.netty.noKeySetOptimization: false
[DEBUG] 2023-09-11 14:27:06.492 [main] NioEventLoop - -Dio.netty.selectorAutoRebuildThreshold: 512
[DEBUG] 2023-09-11 14:27:06.534 [main] PooledByteBufAllocator - -Dio.netty.allocator.numHeapArenas: 16
[DEBUG] 2023-09-11 14:27:06.534 [main] PooledByteBufAllocator - -Dio.netty.allocator.numDirectArenas: 16
[DEBUG] 2023-09-11 14:27:06.534 [main] PooledByteBufAllocator - -Dio.netty.allocator.pageSize: 8192
[DEBUG] 2023-09-11 14:27:06.534 [main] PooledByteBufAllocator - -Dio.netty.allocator.maxOrder: 9
[DEBUG] 2023-09-11 14:27:06.534 [main] PooledByteBufAllocator - -Dio.netty.allocator.chunkSize: 4194304
[DEBUG] 2023-09-11 14:27:06.534 [main] PooledByteBufAllocator - -Dio.netty.allocator.smallCacheSize: 256
[DEBUG] 2023-09-11 14:27:06.534 [main] PooledByteBufAllocator - -Dio.netty.allocator.normalCacheSize: 64
[DEBUG] 2023-09-11 14:27:06.534 [main] PooledByteBufAllocator - -Dio.netty.allocator.maxCachedBufferCapacity: 32768
[DEBUG] 2023-09-11 14:27:06.534 [main] PooledByteBufAllocator - -Dio.netty.allocator.cacheTrimInterval: 8192
[DEBUG] 2023-09-11 14:27:06.534 [main] PooledByteBufAllocator - -Dio.netty.allocator.cacheTrimIntervalMillis: 0
[DEBUG] 2023-09-11 14:27:06.534 [main] PooledByteBufAllocator - -Dio.netty.allocator.useCacheForAllThreads: false
[DEBUG] 2023-09-11 14:27:06.535 [main] PooledByteBufAllocator - -Dio.netty.allocator.maxCachedByteBuffersPerChunk: 1023
[DEBUG] 2023-09-11 14:27:06.542 [main] ByteBufUtil - -Dio.netty.allocator.type: pooled
[DEBUG] 2023-09-11 14:27:06.542 [main] ByteBufUtil - -Dio.netty.threadLocalDirectBufferSize: 0
[DEBUG] 2023-09-11 14:27:06.542 [main] ByteBufUtil - -Dio.netty.maxThreadLocalCharBufferSize: 16384
[DEBUG] 2023-09-11 14:27:06.768 [Forwarding newSession on session null to remote] DefaultChannelId - -Dio.netty.processId: 7804 (auto-detected)
[DEBUG] 2023-09-11 14:27:06.769 [Forwarding newSession on session null to remote] NetUtil - -Djava.net.preferIPv4Stack: false
[DEBUG] 2023-09-11 14:27:06.769 [Forwarding newSession on session null to remote] NetUtil - -Djava.net.preferIPv6Addresses: false
[DEBUG] 2023-09-11 14:27:06.776 [Forwarding newSession on session null to remote] NetUtilInitializations - Loopback interface: lo (Software Loopback Interface 1, 127.0.0.1)
[DEBUG] 2023-09-11 14:27:06.777 [Forwarding newSession on session null to remote] NetUtil - Failed to get SOMAXCONN from sysctl and file \proc\sys\net\core\somaxconn. Default: 200
[DEBUG] 2023-09-11 14:27:06.795 [Forwarding newSession on session null to remote] DefaultChannelId - -Dio.netty.machineId: 4c:77:cb:ff:fe:5c:9a:a4 (auto-detected)
[DEBUG] 2023-09-11 14:27:06.834 [AsyncHttpClient-1-2] AbstractByteBuf - -Dio.netty.buffer.checkAccessible: true
[DEBUG] 2023-09-11 14:27:06.835 [AsyncHttpClient-1-2] AbstractByteBuf - -Dio.netty.buffer.checkBounds: true
[DEBUG] 2023-09-11 14:27:06.835 [AsyncHttpClient-1-2] ResourceLeakDetectorFactory - Loaded default ResourceLeakDetector: io.netty.util.ResourceLeakDetector@4e331969
[DEBUG] 2023-09-11 14:27:06.861 [AsyncHttpClient-1-2] Recycler - -Dio.netty.recycler.maxCapacityPerThread: 4096
[DEBUG] 2023-09-11 14:27:06.861 [AsyncHttpClient-1-2] Recycler - -Dio.netty.recycler.ratio: 8
[DEBUG] 2023-09-11 14:27:06.861 [AsyncHttpClient-1-2] Recycler - -Dio.netty.recycler.chunkSize: 32
[DEBUG] 2023-09-11 14:27:06.861 [AsyncHttpClient-1-2] Recycler - -Dio.netty.recycler.blocking: false
[DEBUG] 2023-09-11 14:27:06.861 [AsyncHttpClient-1-2] Recycler - -Dio.netty.recycler.batchFastThreadLocalOnly: true
[DEBUG] 2023-09-11 14:27:07.595 [AsyncHttpClient-1-2] Brotli - brotli4j not in the classpath; Brotli support will be unavailable.
[DEBUG] 2023-09-11 14:27:07.812 [main] ThreadLocalRandom - -Dio.netty.initialSeedUniquifier: 0x8cd774625c81899a
[ERROR] 2023-09-11 14:27:13.265 [main] AssertGoogle - Title not match
[DEBUG] 2023-09-11 14:27:33.749 [main] InternalLoggerFactory - Using Log4J2 as the default logging framework
[DEBUG] 2023-09-11 14:27:33.765 [main] ResourceLeakDetector - -Dio.netty.leakDetection.level: simple
[DEBUG] 2023-09-11 14:27:33.765 [main] ResourceLeakDetector - -Dio.netty.leakDetection.targetRecords: 4
[DEBUG] 2023-09-11 14:27:33.770 [main] ResourceLeakDetectorFactory - Loaded default ResourceLeakDetector: io.netty.util.ResourceLeakDetector@6ef7623
[DEBUG] 2023-09-11 14:27:33.785 [main] PlatformDependent0 - -Dio.netty.noUnsafe: false
[DEBUG] 2023-09-11 14:27:33.786 [main] PlatformDependent0 - Java version: 17
[DEBUG] 2023-09-11 14:27:33.786 [main] PlatformDependent0 - sun.misc.Unsafe.theUnsafe: available
[DEBUG] 2023-09-11 14:27:33.787 [main] PlatformDependent0 - sun.misc.Unsafe.copyMemory: available
[DEBUG] 2023-09-11 14:27:33.788 [main] PlatformDependent0 - sun.misc.Unsafe.storeFence: available
[DEBUG] 2023-09-11 14:27:33.788 [main] PlatformDependent0 - java.nio.Buffer.address: available
[DEBUG] 2023-09-11 14:27:33.788 [main] PlatformDependent0 - direct buffer constructor: unavailable: Reflective setAccessible(true) disabled
[DEBUG] 2023-09-11 14:27:33.789 [main] PlatformDependent0 - java.nio.Bits.unaligned: available, true
[DEBUG] 2023-09-11 14:27:33.790 [main] PlatformDependent0 - jdk.internal.misc.Unsafe.allocateUninitializedArray(int): unavailable: class io.netty.util.internal.PlatformDependent0$7 cannot access class jdk.internal.misc.Unsafe (in module java.base) because module java.base does not export jdk.internal.misc to unnamed module @4b952a2d
[DEBUG] 2023-09-11 14:27:33.791 [main] PlatformDependent0 - java.nio.DirectByteBuffer.<init>(long, {int,long}): unavailable
[DEBUG] 2023-09-11 14:27:33.791 [main] PlatformDependent - sun.misc.Unsafe: available
[DEBUG] 2023-09-11 14:27:33.792 [main] PlatformDependent - maxDirectMemory: 2078277632 bytes (maybe)
[DEBUG] 2023-09-11 14:27:33.792 [main] PlatformDependent - -Dio.netty.tmpdir: C:\Users\gtambe\AppData\Local\Temp (java.io.tmpdir)
[DEBUG] 2023-09-11 14:27:33.792 [main] PlatformDependent - -Dio.netty.bitMode: 64 (sun.arch.data.model)
[DEBUG] 2023-09-11 14:27:33.793 [main] PlatformDependent - Platform: Windows
[DEBUG] 2023-09-11 14:27:33.793 [main] PlatformDependent - -Dio.netty.maxDirectMemory: -1 bytes
[DEBUG] 2023-09-11 14:27:33.793 [main] PlatformDependent - -Dio.netty.uninitializedArrayAllocationThreshold: -1
[DEBUG] 2023-09-11 14:27:33.794 [main] CleanerJava9 - java.nio.ByteBuffer.cleaner(): available
[DEBUG] 2023-09-11 14:27:33.794 [main] PlatformDependent - -Dio.netty.noPreferDirect: false
[DEBUG] 2023-09-11 14:27:33.801 [main] PlatformDependent - org.jctools-core.MpscChunkedArrayQueue: available
[DEBUG] 2023-09-11 14:27:33.820 [main] InternalThreadLocalMap - -Dio.netty.threadLocalMap.stringBuilder.initialSize: 1024
[DEBUG] 2023-09-11 14:27:33.821 [main] InternalThreadLocalMap - -Dio.netty.threadLocalMap.stringBuilder.maxSize: 4096
[DEBUG] 2023-09-11 14:27:33.993 [main] JdkSslContext - Default protocols (JDK): [TLSv1.3, TLSv1.2] 
[DEBUG] 2023-09-11 14:27:33.994 [main] JdkSslContext - Default cipher suites (JDK): [TLS_ECDHE_ECDSA_WITH_AES_256_GCM_SHA384, TLS_ECDHE_ECDSA_WITH_AES_128_GCM_SHA256, TLS_ECDHE_RSA_WITH_AES_128_GCM_SHA256, TLS_ECDHE_RSA_WITH_AES_256_GCM_SHA384, TLS_ECDHE_RSA_WITH_AES_128_CBC_SHA, TLS_ECDHE_RSA_WITH_AES_256_CBC_SHA, TLS_RSA_WITH_AES_128_GCM_SHA256, TLS_RSA_WITH_AES_128_CBC_SHA, TLS_RSA_WITH_AES_256_CBC_SHA, TLS_AES_128_GCM_SHA256, TLS_AES_256_GCM_SHA384]
[DEBUG] 2023-09-11 14:27:34.003 [main] GlobalEventExecutor - -Dio.netty.globalEventExecutor.quietPeriodSeconds: 1
[DEBUG] 2023-09-11 14:27:34.014 [main] MultithreadEventLoopGroup - -Dio.netty.eventLoopThreads: 16
[DEBUG] 2023-09-11 14:27:34.022 [main] NioEventLoop - -Dio.netty.noKeySetOptimization: false
[DEBUG] 2023-09-11 14:27:34.022 [main] NioEventLoop - -Dio.netty.selectorAutoRebuildThreshold: 512
[DEBUG] 2023-09-11 14:27:34.075 [main] PooledByteBufAllocator - -Dio.netty.allocator.numHeapArenas: 16
[DEBUG] 2023-09-11 14:27:34.075 [main] PooledByteBufAllocator - -Dio.netty.allocator.numDirectArenas: 16
[DEBUG] 2023-09-11 14:27:34.075 [main] PooledByteBufAllocator - -Dio.netty.allocator.pageSize: 8192
[DEBUG] 2023-09-11 14:27:34.075 [main] PooledByteBufAllocator - -Dio.netty.allocator.maxOrder: 9
[DEBUG] 2023-09-11 14:27:34.076 [main] PooledByteBufAllocator - -Dio.netty.allocator.chunkSize: 4194304
[DEBUG] 2023-09-11 14:27:34.076 [main] PooledByteBufAllocator - -Dio.netty.allocator.smallCacheSize: 256
[DEBUG] 2023-09-11 14:27:34.076 [main] PooledByteBufAllocator - -Dio.netty.allocator.normalCacheSize: 64
[DEBUG] 2023-09-11 14:27:34.076 [main] PooledByteBufAllocator - -Dio.netty.allocator.maxCachedBufferCapacity: 32768
[DEBUG] 2023-09-11 14:27:34.076 [main] PooledByteBufAllocator - -Dio.netty.allocator.cacheTrimInterval: 8192
[DEBUG] 2023-09-11 14:27:34.076 [main] PooledByteBufAllocator - -Dio.netty.allocator.cacheTrimIntervalMillis: 0
[DEBUG] 2023-09-11 14:27:34.076 [main] PooledByteBufAllocator - -Dio.netty.allocator.useCacheForAllThreads: false
[DEBUG] 2023-09-11 14:27:34.076 [main] PooledByteBufAllocator - -Dio.netty.allocator.maxCachedByteBuffersPerChunk: 1023
[DEBUG] 2023-09-11 14:27:34.087 [main] ByteBufUtil - -Dio.netty.allocator.type: pooled
[DEBUG] 2023-09-11 14:27:34.088 [main] ByteBufUtil - -Dio.netty.threadLocalDirectBufferSize: 0
[DEBUG] 2023-09-11 14:27:34.088 [main] ByteBufUtil - -Dio.netty.maxThreadLocalCharBufferSize: 16384
[DEBUG] 2023-09-11 14:27:34.339 [Forwarding newSession on session null to remote] DefaultChannelId - -Dio.netty.processId: 8460 (auto-detected)
[DEBUG] 2023-09-11 14:27:34.342 [Forwarding newSession on session null to remote] NetUtil - -Djava.net.preferIPv4Stack: false
[DEBUG] 2023-09-11 14:27:34.342 [Forwarding newSession on session null to remote] NetUtil - -Djava.net.preferIPv6Addresses: false
[DEBUG] 2023-09-11 14:27:34.355 [Forwarding newSession on session null to remote] NetUtilInitializations - Loopback interface: lo (Software Loopback Interface 1, 127.0.0.1)
[DEBUG] 2023-09-11 14:27:34.356 [Forwarding newSession on session null to remote] NetUtil - Failed to get SOMAXCONN from sysctl and file \proc\sys\net\core\somaxconn. Default: 200
[DEBUG] 2023-09-11 14:27:34.376 [Forwarding newSession on session null to remote] DefaultChannelId - -Dio.netty.machineId: 4c:77:cb:ff:fe:5c:9a:a4 (auto-detected)
[DEBUG] 2023-09-11 14:27:34.411 [AsyncHttpClient-1-2] AbstractByteBuf - -Dio.netty.buffer.checkAccessible: true
[DEBUG] 2023-09-11 14:27:34.411 [AsyncHttpClient-1-2] AbstractByteBuf - -Dio.netty.buffer.checkBounds: true
[DEBUG] 2023-09-11 14:27:34.411 [AsyncHttpClient-1-2] ResourceLeakDetectorFactory - Loaded default ResourceLeakDetector: io.netty.util.ResourceLeakDetector@565580d5
[DEBUG] 2023-09-11 14:27:34.435 [AsyncHttpClient-1-2] Recycler - -Dio.netty.recycler.maxCapacityPerThread: 4096
[DEBUG] 2023-09-11 14:27:34.435 [AsyncHttpClient-1-2] Recycler - -Dio.netty.recycler.ratio: 8
[DEBUG] 2023-09-11 14:27:34.435 [AsyncHttpClient-1-2] Recycler - -Dio.netty.recycler.chunkSize: 32
[DEBUG] 2023-09-11 14:27:34.435 [AsyncHttpClient-1-2] Recycler - -Dio.netty.recycler.blocking: false
[DEBUG] 2023-09-11 14:27:34.435 [AsyncHttpClient-1-2] Recycler - -Dio.netty.recycler.batchFastThreadLocalOnly: true
[DEBUG] 2023-09-11 14:27:35.136 [AsyncHttpClient-1-2] Brotli - brotli4j not in the classpath; Brotli support will be unavailable.
[DEBUG] 2023-09-11 14:27:35.330 [main] ThreadLocalRandom - -Dio.netty.initialSeedUniquifier: 0xd14946be92eaa86e
[ERROR] 2023-09-11 14:27:42.831 [main] AssertGoogle - Title not match
